
  8703 01/04/98 Не знайдено коду облiку [464019]
  8907 01/20/98 Не знайдено коду облiку [464005]
  8954 01/21/98 Не знайдено коду облiку [464005]
  9061 01/24/98 Не знайдено коду облiку [031010]
  9688 02/19/98 Не знайдено коду облiку [812100]
    36 02/21/98 Не знайдено коду облiку [031011]
  1271 04/09/98 Не знайдено коду облiку [031010]
  1445 04/16/98 Не знайдено коду облiку [031010]
  1446 04/16/98 Не знайдено коду облiку [031010]
  1452 04/16/98 Не знайдено коду облiку [812100]
  1704 04/29/98 Не знайдено коду облiку [031010]
  1705 04/29/98 Не знайдено коду облiку [031010]
  2013 05/11/98 Не знайдено коду облiку [812100]
  2044 05/11/98 Не знайдено коду облiку [      ]
  2080 05/12/98 Не знайдено коду облiку [812100]
  2160 05/15/98 Не знайдено коду облiку [812100]
  2364 05/21/98 Не знайдено коду облiку [812100]
  2384 05/22/98 Не знайдено коду облiку [031010]
  2560 05/28/98 Не знайдено коду облiку [031010]
  2782 06/05/98 Не знайдено коду облiку [812100]
  2800 06/06/98 Не знайдено коду облiку [031010]
  3129 06/18/98 Не знайдено коду облiку [812100]
  4506 08/10/98 Не знайдено коду облiку [812100]
  4507 08/10/98 Не знайдено коду облiку [812100]
  4523 08/11/98 Не знайдено коду облiку [812100]
  4632 08/15/98 Не знайдено коду облiку [234119]
  4721 08/18/98 Не знайдено коду облiку [812100]
  4916 08/26/98 Не знайдено коду облiку [812100]
  5408 09/07/98 Не знайдено коду облiку [812100]
  5480 09/09/98 Не знайдено коду облiку [031011]
  5497 09/09/98 Не знайдено коду облiку [812100]
  6468 10/12/98 Не знайдено коду облiку [812100]
  6672 10/20/98 Не знайдено коду облiку [812100]
  6960 11/02/98 Не знайдено коду облiку [031010]
  7021 11/03/98 Не знайдено коду облiку [812100]
   260 10/20/98 Не знайдено коду облiку [132001]
     1 11/01/98 Не знайдено коду облiку [      ]
  7886 11/30/98 Не знайдено коду облiку [812100]
  8534 12/30/98 Не знайдено коду облiку [812100]
   531 01/28/99 Не знайдено коду облiку [812100]
   659 02/02/99 Не знайдено коду облiку [812100]
   943 01/31/99 Не знайдено коду облiку [031010]
   944 01/31/99 Не знайдено коду облiку [031011]
 18225 07/06/99 Не знайдено коду облiку [      ]
 18227 07/06/99 Не знайдено коду облiку [      ]
 18228 07/06/99 Не знайдено коду облiку [      ]
     2 06/29/99 Не знайдено коду облiку [132001]
  1030 02/29/00 Не знайдено коду облiку [      ]
  1289 03/10/00 Не знайдено коду облiку [      ]
  2395 04/27/00 Не знайдено коду облiку [      ]
  2404 04/27/00 Не знайдено коду облiку [      ]
  5163 08/26/00 Не знайдено коду облiку [      ]
  7293 11/06/00 Не знайдено коду облiку [      ]
  5732 08/31/01 Не знайдено коду облiку [      ]
  8/08 08/31/01 Не знайдено коду облiку [132001]
  7963 10/30/01 Не знайдено коду облiку [      ]