 ็ฅโญ๋ฉ ซจแโ โชโฎเจแโ-ฌ่จญจแโ.
ฬอออออออออออออหอออออออออออออออออออออหอออออออหออออออออออออออออออออออออออออออออออน
บ     โ    บ   ฅซ์ๅฎงฏเฅคฏเจ๏โจฅบ็ช    บ ฌจซจ๏ ฌ๏ โ็        ก. ญฎฌฅเบ
บ             บ                     บ็ฅโญ๋ฉบ                                  บ
วฤฤฤฤฤฤฤฤฤฤฤฤฤะฤฤฤฤฤฤฤฤฤฤฤฤฤฤฤฤฤฤฤฤฤถ ซจแโ  บ เช โเชโฎเ     ฎฌฅเ โเชโฎเบ
บเจฃค                            บN      บ                                  บ
ฬออัอออออออัอออออออออออัอออัออออออออสอออัอออสอออออออออออัออออออออัอออออออออออออน
บเณ จไเ  ณ           ณจคณ            ณ   ๋ฏฎซญฅญฎ   ณโเกฎโ.ณ แๅฎค   บ
บฃคณงโเโ ณจฌฅญฎขญจณเกณจฌฅญฎขญจฅรฤฤฤฤฤฤยฤฤฤฤฤฤฤฤลฤฤฤฤยฤฤฤลฤฤฤฤฤฤยฤฤฤฤฤฤถ
บ  ณ       ณ           ณ   ณ            ณ  ฃ  ณ   โญ.  ณญฎเฌณ็แณญฎเฌ ณ ไชโ.บ
วฤฤลฤฤฤฤฤฤฤลฤฤฤฤฤฤฤฤฤฤฤลฤฤฤลฤฤฤฤฤฤฤฤฤฤฤฤลฤฤฤฤฤฤลฤฤฤฤฤฤฤฤลฤฤฤฤลฤฤฤลฤฤฤฤฤฤลฤฤฤฤฤฤถ
บ  ณ       ณ           ณ   ณ            ณ      ณ        ณ    ณ   ณ      ณ      บ
บ  ณ       ณ           ณ   ณ            ณ      ณ        ณ    ณ   ณ      ณ      บ
บ  ณ       ณ           ณ   ณ            ณ      ณ        ณ    ณ   ณ      ณ      บ
ฬออฯัออออออฯัอออัออออออฯัออฯัอออออออัอออฯออออออฯัออออออัฯอออหฯอออฯอัออออฯัอออออน
บKฎคณ       ณKฎคณ       ณKฎคณ       ณKซแแญฎแโ์ ณ๋ฏฎซญณ โเบH ญ็ณฏเ.ณแโ. บ
บฎฏ-ณ ใฌฌ ณฎฏ-ณ ใฌฌ ณฎฏ-ณ ใฌฌ ณ           ณใแซฎข.ณคญฅฉวฤฤฤฤฤฤลฤฤฤฤฤลฤฤฤฤฤถ
บซโณ       ณซโณ       ณซโณ       ณ           ณ  ฃ  ณ    บ      ณ     ณ     บ
วฤฤฤลฤฤฤฤฤฤฤลฤฤฤลฤฤฤฤฤฤฤลฤฤฤลฤฤฤฤฤฤฤลฤฤฤยฤฤฤฤฤฤฤลฤฤฤฤฤฤลฤฤฤฤฬออออออฯอออออฯอออออน
บ   ณ       ณ   ณ       ณ   ณ       ณ   ณ       ณ      ณ    บโเ.ฌ่.-คญฅฉ:    บ
บ   ณ       ณ   ณ       ณ   ณ       ณ   ณ       ณ      ณ    บ                  บ
บ   ณ       ณ   ณ       ณ   ณ       ณ   ณ       ณ      ณ    บโเ.ฌ่.-แฌฅญ:    บ
วฤฤฤมฤฤฤฤฤฤฤมฤฤฤมฤฤฤฤฤฤฤมฤฤฤมฤฤฤฤฤฤฤมฤฤฤมฤฤฤฤฤฤฤมฤฤฤฤฤฤมฤฤฤฤะฤฤฤฤฤฤฤฤฤฤฤฤฤฤฤฤฤฤถ
