I  ฅเi๏       ฎฌฅเ
ก. ญฎฌฅเ                                 เไiช
จค ญฅฏเๆฅงคโญฎแโi
                                 ฎค ฎฏซโ
  ๏ชฎฃฎ           ฏฎ ๏ชฅ            iคแฎโฎช ฎฏซโจ
ชซค                ฅญญ โเจไญ แโขช
iแ๏ๆi  ญi ใฌ



                        ฅเฅคญiฉ      ฎคขiฉญ
                        ไชโจ็ญจฉ     โเจไญ
                        งเฎกiโฎช     แโขช
แ์ฎฃฎ
ษออออออออออออออออออ ฏซโ ซiชเญ๏ญฎฃฎ ออออออออออออออออออออออออออออออออออออออป
บ                                                                            บ
บ                                                                            บ
บ                                                                            บ
บ                                                                            บ
บ                                                                            บ
บ                                                                            บ
ศออออออออออออออออออออออออออออออออออออออออออออออออออออออออออออออออออออออออออออผ
ฏซโจโจ ข ขiคฎฌฎแโi ง               ฌiแ๏ๆ์
